## ENVIRONMENTS ##
OS: CentOS Linux release 7.0.1406 (Core)
Perl:
This is perl 5, version 16, subversion 3 (v5.16.3) built for x86_64-linux-thread-multi

IRAF V2.16.1 Oct 2013
IRC toolkit: ver.150002 in /home/irc/src/iraf/v2.16.1/extern/irc/


## PROCESS LOGS ##

- 2015/03/08 21:34:27
prepipeline(ircconst=constants.database,verbose=no,pllog=ircpipeline.log)
- 2015/03/08 21:34:27
 ircslice(ircconst=constants.database,verbose=no)
- 2015/03/08 21:34:49
 mkirclog(ircconst=constants.database,verbose=no)
- 2015/03/08 21:34:55
 'irclog' and 'darklist.before' created

- 2015/03/08 21:34:55
pipeline1(ircconst=constants.database,obslog=irclog,cosmicray=yes,interactive=no,deltemp=yes,verbose=no,blankvalue=-9999.9,darktype=ne,darkfile=dark.list,smdark=yes,delsmd=yes,subsky=yes,subLscat=yes,pllog=ircpipeline.log)
- 2015/03/08 21:34:55
 makelist(logfile=irclog)
- 2015/03/08 21:34:56
 wraparound(ircconst=constants.database,logfile=irclog,prefixs=,deltemp=no,verbose=no)
- 2015/03/08 21:34:58
 ircnorm(ircconst=constants.database,logfile=irclog,prefixs=w,deltemp=yes,verbose=no)
- 2015/03/08 21:35:59
 linearity(ircconst=constants.database,logfile=irclog,prefixs=nw,deltemp=yes,verbose=no)
- 2015/03/08 21:37:54
 dark(ircconst=constants.database,darkfile=dark.list,logfile=irclog,prefixs=lnw,darktype=ne,deltemp=yes,verbose=no,smdark=yes,delsmd=yes)
- 2015/03/08 21:38:50
 scatt_light(ircconst=constants.database,logfile=irclog,prefixs=Dlnw,deltemp=yes,verbose=no)
- 2015/03/08 21:40:39
 cosmic_ray(ircconst=constants.database,logfile=irclog,prefixs=cDlnw,deltemp=yes,verbose=no)
- 2015/03/08 21:42:49
 flat(ircconst=constants.database,logfile=irclog,prefixs=CcDlnw,blank=-9999.9,deltemp=yes,verbose=no,subsky=yes,subLscat=yes,pllog=ircpipeline.log)
### Info: name, min & max of AVGSKY, max/min
L15l.vsky 4021.7 4252.5 1.1
L15s.vsky 145.5 147.5 1.0
L18l.vsky 6207.8 6613.5 1.1
L18s.vsky 224.1 250.5 1.1
L24l.vsky 2201.4 2205.9 1.0
L24s.vsky 83.1 83.1 1.0
N2l.vsky 178.0 183.1 1.0
N2s.vsky 18.9 19.7 1.0
N3l.vsky 2.2 4.5 2.1
N3s.vsky 26.4 27.0 1.0
N4l.vsky 356.9 356.9 1.0
N4s.vsky 39.6 39.6 1.0
S11l.vsky 5251.1 5292.0 1.0
S11s.vsky 174.7 174.7 1.0
S7l.vsky 2675.5 2741.3 1.0
S7s.vsky 73.8 79.4 1.1
S9l.vsky 5897.4 5947.5 1.0
S9s.vsky 198.6 199.2 1.0
### Message: Files before flat fielding are not to be deleted.


- 2015/03/08 21:43:23
pipeline2(ircconst=constants.database,com_mode=median,com_area=2,sky_area=2,det_sig=3,sig_rej=3,max_itr=10,obslog=irclog,wcs=YES,coaddshort=NO,interactive=NO,deltemp=YES,rejection=sigclip,rej_sky=YES,skip_L=NO,submedsky=NO,coadd=YES,verbose=NO,prefixs=fCcDlnw,blankvalue=-9999.9,double=YES,ndmask=YES,ndhot=500.0,pllog=ircpipeline.log,tolerance=1.5,wipestar=0.0,fluxcal=YES)
- 2015/03/08 21:43:24
 maskall(ircconst=constants.database,logfile=irclog,prefixs=fCcDlnw,blankval=-9999.9,deltemp=NO,verbose=NO,ndmask=YES,ndhot=500.0,pllog=ircpipeline.log)
### Warning: Bright (>10000) source(s) found in 15 MIR-S frames. Be aware of the ghost!
### Info: total number of saturated pixels for 2 N2 frames = 501
### Info: total number of saturated pixels for 2 N3 frames = 473
### Info: total number of saturated pixels for 1 N4 frames = 209
### Info: total number of saturated pixels for 6 S7 frames = 27
### Info: total number of saturated pixels for 6 S9W frames = 69
### Info: total number of saturated pixels for 3 S11 frames = 15
### Info: total number of saturated pixels for 6 L15 frames = 12
### Info: 25 pixels masked for MIR-S from neighbor dark
### Info: 311 pixels masked for MIR-L from neighbor dark
- 2015/03/08 21:46:16
 aspect_ratio(ircconst=constants.database,logfile=irclog,prefixs=mfCcDlnw,blankval=-9999.9,deltemp=YES,verbose=NO,double=YES)
- 2015/03/08 21:51:56
 coadd(ircconst=constants.database,det_sig=3.0,sig_rej=3.0,max_itr=10,com_mode=median,com_area=2,sky_area=2,logfile=irclog,prefixs=emfCcDlnw,rejection=sigclip,rej_sky=YES,coaddshort=NO,wcs=YES,skip_L=NO,submedsky=NO,deltemp=YES,verbose=NO,blankval=-9999.9,pllog=ircpipeline.log,double=YES,tolerance=1.5,wipestar=0.0)
### Warning: 2 frames failed in stacking
### Info: NFRALL,NCOMBINE,WCSROOT,WCSERROR of stacked images
stacked_IM/ura_L15_long.fits	6	6	AOCS
stacked_IM/ura_L18W_long.fits	6	6	AOCS
stacked_IM/ura_N2_long.fits	2	2	2MASS	0.3501785
stacked_IM/ura_N3_long.fits	2	2	2MASS	0.3798645
stacked_IM/ura_S11_long.fits	3	3	AOCS
stacked_IM/ura_S7_long.fits	6	6	AOCS
stacked_IM/ura_S9W_long.fits	6	6	AOCS
- 2015/03/08 22:15:29
 calflux(ircconst=constants.database,logfile=irclog,blankval=-9999.9,overwrite=NO)
- 2015/03/08 22:15:33
  all pipeline processes successfully ended
