## ENVIRONMENTS ##
OS: CentOS Linux release 7.0.1406 (Core)
Perl:
This is perl 5, version 16, subversion 3 (v5.16.3) built for x86_64-linux-thread-multi

IRAF V2.16.1 Oct 2013
IRC toolkit: ver.150002 in /home/irc/src/iraf/v2.16.1/extern/irc/


## PROCESS LOGS ##

- 2015/02/12 06:43:31
prepipeline(ircconst=constants.database,verbose=no,pllog=ircpipeline.log)
- 2015/02/12 06:43:31
 ircslice(ircconst=constants.database,verbose=no)
- 2015/02/12 06:43:56
 mkirclog(ircconst=constants.database,verbose=no)
- 2015/02/12 06:44:02
 'irclog' and 'darklist.before' created

- 2015/02/12 06:44:02
pipeline1(ircconst=constants.database,obslog=irclog,cosmicray=yes,interactive=no,deltemp=yes,verbose=no,blankvalue=-9999.9,darktype=ne,darkfile=dark.list,smdark=yes,delsmd=yes,subsky=yes,subLscat=yes,pllog=ircpipeline.log)
- 2015/02/12 06:44:02
 makelist(logfile=irclog)
- 2015/02/12 06:44:03
 wraparound(ircconst=constants.database,logfile=irclog,prefixs=,deltemp=no,verbose=no)
- 2015/02/12 06:44:06
 ircnorm(ircconst=constants.database,logfile=irclog,prefixs=w,deltemp=yes,verbose=no)
- 2015/02/12 06:47:53
 linearity(ircconst=constants.database,logfile=irclog,prefixs=nw,deltemp=yes,verbose=no)
- 2015/02/12 06:51:46
 dark(ircconst=constants.database,darkfile=dark.list,logfile=irclog,prefixs=lnw,darktype=ne,deltemp=yes,verbose=no,smdark=yes,delsmd=yes)
- 2015/02/12 06:53:49
 scatt_light(ircconst=constants.database,logfile=irclog,prefixs=Dlnw,deltemp=yes,verbose=no)
- 2015/02/12 06:57:23
 cosmic_ray(ircconst=constants.database,logfile=irclog,prefixs=cDlnw,deltemp=yes,verbose=no)
- 2015/02/12 07:00:52
 flat(ircconst=constants.database,logfile=irclog,prefixs=CcDlnw,blank=-9999.9,deltemp=yes,verbose=no,subsky=yes,subLscat=yes,pllog=ircpipeline.log)
### Info: name, min & max of AVGSKY, max/min
L15l.vsky 3261.2 3312.2 1.0
L15s.vsky 117.7 118.4 1.0
L24l.vsky 1362.4 1395.6 1.0
L24s.vsky 50.1 50.3 1.0
N3l.vsky 55.7 57.4 1.0
N3s.vsky 4.5 5.3 1.2
N4l.vsky 111.3 112.3 1.0
N4s.vsky 10.9 11.7 1.1
S11l.vsky 4421.9 4499.7 1.0
S11s.vsky 143.1 144.0 1.0
S7l.vsky 1400.3 1449.4 1.0
S7s.vsky 32.2 36.1 1.1
### Message: Files before flat fielding are not to be deleted.


- 2015/02/12 07:01:45
pipeline2(ircconst=constants.database,com_mode=median,com_area=2,sky_area=2,det_sig=3,sig_rej=3,max_itr=10,obslog=irclog,wcs=YES,coaddshort=NO,interactive=NO,deltemp=YES,rejection=sigclip,rej_sky=YES,skip_L=NO,submedsky=NO,coadd=YES,verbose=NO,prefixs=fCcDlnw,blankvalue=-9999.9,double=YES,ndmask=YES,ndhot=500.0,pllog=ircpipeline.log,tolerance=1.5,wipestar=0.0,fluxcal=YES)
- 2015/02/12 07:01:45
 maskall(ircconst=constants.database,logfile=irclog,prefixs=fCcDlnw,blankval=-9999.9,deltemp=NO,verbose=NO,ndmask=YES,ndhot=500.0,pllog=ircpipeline.log)
### Info: total number of saturated pixels for 4 N3 frames = 56
### Info: total number of saturated pixels for 4 N4 frames = 42
### Info: total number of saturated pixels for 12 L15 frames = 30
### Info: 21 pixels masked for MIR-S from neighbor dark
### Info: 235 pixels masked for MIR-L from neighbor dark
- 2015/02/12 07:06:12
 aspect_ratio(ircconst=constants.database,logfile=irclog,prefixs=mfCcDlnw,blankval=-9999.9,deltemp=YES,verbose=NO,double=YES)
- 2015/02/12 07:16:23
 coadd(ircconst=constants.database,det_sig=3.0,sig_rej=3.0,max_itr=10,com_mode=median,com_area=2,sky_area=2,logfile=irclog,prefixs=emfCcDlnw,rejection=sigclip,rej_sky=YES,coaddshort=NO,wcs=YES,skip_L=NO,submedsky=NO,deltemp=YES,verbose=NO,blankval=-9999.9,pllog=ircpipeline.log,double=YES,tolerance=1.5,wipestar=0.0)
### Warning: 33 frames failed in stacking
### Info: NFRALL,NCOMBINE,WCSROOT,WCSERROR of stacked images
stacked_IM/Horsehead_N3_long.fits	4	4	2MASS	0.4770849
stacked_IM/Horsehead_N4_long.fits	4	4	2MASS	0.3192695
stacked_IM/Horsehead_S7_long.fits	12	12	AOCS
- 2015/02/12 07:24:31
 calflux(ircconst=constants.database,logfile=irclog,blankval=-9999.9,overwrite=NO)
- 2015/02/12 07:24:32
  all pipeline processes successfully ended
