## ENVIRONMENTS ##
OS: CentOS Linux release 7.0.1406 (Core)
Perl:
This is perl 5, version 16, subversion 3 (v5.16.3) built for x86_64-linux-thread-multi

IRAF V2.16.1 Oct 2013
IRC toolkit: ver.150002 in /home/irc/src/iraf/v2.16.1/extern/irc/


## PROCESS LOGS ##

- 2015/02/13 20:57:02
prepipeline(ircconst=constants.database,verbose=no,pllog=ircpipeline.log)
- 2015/02/13 20:57:02
 ircslice(ircconst=constants.database,verbose=no)
- 2015/02/13 20:57:31
 mkirclog(ircconst=constants.database,verbose=no)
- 2015/02/13 20:57:37
 'irclog' and 'darklist.before' created

- 2015/02/13 20:57:37
pipeline1(ircconst=constants.database,obslog=irclog,cosmicray=yes,interactive=no,deltemp=yes,verbose=no,blankvalue=-9999.9,darktype=ne,darkfile=dark.list,smdark=yes,delsmd=yes,subsky=yes,subLscat=yes,pllog=ircpipeline.log)
- 2015/02/13 20:57:37
 makelist(logfile=irclog)
- 2015/02/13 20:57:38
 wraparound(ircconst=constants.database,logfile=irclog,prefixs=,deltemp=no,verbose=no)
- 2015/02/13 20:57:41
 ircnorm(ircconst=constants.database,logfile=irclog,prefixs=w,deltemp=yes,verbose=no)
- 2015/02/13 21:01:14
 linearity(ircconst=constants.database,logfile=irclog,prefixs=nw,deltemp=yes,verbose=no)
- 2015/02/13 21:05:12
 dark(ircconst=constants.database,darkfile=dark.list,logfile=irclog,prefixs=lnw,darktype=ne,deltemp=yes,verbose=no,smdark=yes,delsmd=yes)
- 2015/02/13 21:07:32
 scatt_light(ircconst=constants.database,logfile=irclog,prefixs=Dlnw,deltemp=yes,verbose=no)
- 2015/02/13 21:11:20
 cosmic_ray(ircconst=constants.database,logfile=irclog,prefixs=cDlnw,deltemp=yes,verbose=no)
- 2015/02/13 21:14:57
 flat(ircconst=constants.database,logfile=irclog,prefixs=CcDlnw,blank=-9999.9,deltemp=yes,verbose=no,subsky=yes,subLscat=yes,pllog=ircpipeline.log)
### Info: name, min & max of AVGSKY, max/min
L15l.vsky 4216.2 4268.3 1.0
L15s.vsky 142.1 148.0 1.0
L24l.vsky 2464.7 2524.5 1.0
L24s.vsky 89.5 161.6 1.8
N3l.vsky -5.4 10.3 -1.9
N3s.vsky 39.4 40.6 1.0
N4l.vsky 566.4 602.8 1.1
N4s.vsky 59.5 63.6 1.1
S11l.vsky 8538.8 9165.2 1.1
S11s.vsky 297.8 312.8 1.1
S7l.vsky 2782.3 2972.2 1.1
S7s.vsky 85.5 88.8 1.0
### Message: Files before flat fielding are not to be deleted.


- 2015/02/13 21:15:49
pipeline2(ircconst=constants.database,com_mode=median,com_area=2,sky_area=2,det_sig=3,sig_rej=3,max_itr=10,obslog=irclog,wcs=YES,coaddshort=NO,interactive=NO,deltemp=YES,rejection=sigclip,rej_sky=YES,skip_L=NO,submedsky=NO,coadd=YES,verbose=NO,prefixs=fCcDlnw,blankvalue=-9999.9,double=YES,ndmask=YES,ndhot=500.0,pllog=ircpipeline.log,tolerance=1.5,wipestar=0.0,fluxcal=YES)
- 2015/02/13 21:15:49
 maskall(ircconst=constants.database,logfile=irclog,prefixs=fCcDlnw,blankval=-9999.9,deltemp=NO,verbose=NO,ndmask=YES,ndhot=500.0,pllog=ircpipeline.log)
### Warning: Bright (>10000) source(s) found in 21 MIR-S frames. Be aware of the ghost!
### Info: total number of saturated pixels for 3 N3 frames = 1329
### Info: total number of saturated pixels for 4 N4 frames = 2535
### Info: total number of saturated pixels for 9 S7 frames = 6633
### Info: total number of saturated pixels for 12 S11 frames = 9690
### Info: total number of saturated pixels for 9 L15 frames = 87
### Info: total number of saturated pixels for 12 L24 frames = 117
### Info: 22 pixels masked for MIR-S from neighbor dark
### Info: 246 pixels masked for MIR-L from neighbor dark
- 2015/02/13 21:21:02
 aspect_ratio(ircconst=constants.database,logfile=irclog,prefixs=mfCcDlnw,blankval=-9999.9,deltemp=YES,verbose=NO,double=YES)
- 2015/02/13 21:32:00
 coadd(ircconst=constants.database,det_sig=3.0,sig_rej=3.0,max_itr=10,com_mode=median,com_area=2,sky_area=2,logfile=irclog,prefixs=emfCcDlnw,rejection=sigclip,rej_sky=YES,coaddshort=NO,wcs=YES,skip_L=NO,submedsky=NO,deltemp=YES,verbose=NO,blankval=-9999.9,pllog=ircpipeline.log,double=YES,tolerance=1.5,wipestar=0.0)
### Warning: 19 frames failed in stacking
### Info: NFRALL,NCOMBINE,WCSROOT,WCSERROR of stacked images
stacked_IM/vdBH_RN43_N3_long.fits	3	3	2MASS	0.3560337
stacked_IM/vdBH_RN43_N4_long.fits	4	4	2MASS	0.3602138
stacked_IM/vdBH_RN43_S11_long.fits	12	12	AOCS
stacked_IM/vdBH_RN43_S7_long.fits	9	9	WISE	0.59899
- 2015/02/13 21:49:12
 calflux(ircconst=constants.database,logfile=irclog,blankval=-9999.9,overwrite=NO)
- 2015/02/13 21:49:15
  all pipeline processes successfully ended
