## ENVIRONMENTS ##
OS: CentOS Linux release 7.0.1406 (Core)
Perl:
This is perl 5, version 16, subversion 3 (v5.16.3) built for x86_64-linux-thread-multi

IRAF V2.16.1 Oct 2013
IRC toolkit: ver.150002 in /home/irc/src/iraf/v2.16.1/extern/irc/


## PROCESS LOGS ##

- 2015/03/05 12:47:28
prepipeline(ircconst=constants.database,verbose=no,pllog=ircpipeline.log)
- 2015/03/05 12:47:28
 ircslice(ircconst=constants.database,verbose=no)
- 2015/03/05 12:48:10
 mkirclog(ircconst=constants.database,verbose=no)
- 2015/03/05 12:48:19
 'irclog' and 'darklist.before' created

- 2015/03/05 12:48:19
pipeline1(ircconst=constants.database,obslog=irclog,cosmicray=yes,interactive=no,deltemp=yes,verbose=no,blankvalue=-9999.9,darktype=ne,darkfile=dark.list,smdark=yes,delsmd=yes,subsky=yes,subLscat=yes,pllog=ircpipeline.log)
- 2015/03/05 12:48:19
 makelist(logfile=irclog)
- 2015/03/05 12:48:20
 wraparound(ircconst=constants.database,logfile=irclog,prefixs=,deltemp=no,verbose=no)
- 2015/03/05 12:48:23
 ircnorm(ircconst=constants.database,logfile=irclog,prefixs=w,deltemp=yes,verbose=no)
- 2015/03/05 12:49:51
 linearity(ircconst=constants.database,logfile=irclog,prefixs=nw,deltemp=yes,verbose=no)
- 2015/03/05 12:54:52
 dark(ircconst=constants.database,darkfile=dark.list,logfile=irclog,prefixs=lnw,darktype=ne,deltemp=yes,verbose=no,smdark=yes,delsmd=yes)
- 2015/03/05 12:57:19
 scatt_light(ircconst=constants.database,logfile=irclog,prefixs=Dlnw,deltemp=yes,verbose=no)
- 2015/03/05 13:02:22
 cosmic_ray(ircconst=constants.database,logfile=irclog,prefixs=cDlnw,deltemp=yes,verbose=no)
- 2015/03/05 13:07:33
 flat(ircconst=constants.database,logfile=irclog,prefixs=CcDlnw,blank=-9999.9,deltemp=yes,verbose=no,subsky=yes,subLscat=yes,pllog=ircpipeline.log)
### Info: name, min & max of AVGSKY, max/min
L15l.vsky 4424.1 4598.6 1.0
L15s.vsky 85.4 220.0 2.6
N3l.vsky -6.6 10.0 -1.5
N3s.vsky 19.8 24.1 1.2
S7l.vsky 1298.3 1338.9 1.0
S7s.vsky -33.4 25.9 -0.8
### Message: Files before flat fielding are not to be deleted.


- 2015/03/05 13:08:41
pipeline2(ircconst=constants.database,com_mode=median,com_area=2,sky_area=2,det_sig=3,sig_rej=3,max_itr=10,obslog=irclog,wcs=YES,coaddshort=NO,interactive=NO,deltemp=YES,rejection=sigclip,rej_sky=YES,skip_L=NO,submedsky=NO,coadd=YES,verbose=NO,prefixs=fCcDlnw,blankvalue=-9999.9,double=YES,ndmask=YES,ndhot=500.0,pllog=ircpipeline.log,tolerance=1.5,wipestar=0.0,fluxcal=YES)
- 2015/03/05 13:08:42
 maskall(ircconst=constants.database,logfile=irclog,prefixs=fCcDlnw,blankval=-9999.9,deltemp=NO,verbose=NO,ndmask=YES,ndhot=500.0,pllog=ircpipeline.log)
### Warning: Bright (>10000) source(s) found in 30 MIR-S frames. Be aware of the ghost!
### Info: total number of saturated pixels for 5 N3 frames = 3034
### Info: total number of saturated pixels for 30 S7 frames = 951
### Info: total number of saturated pixels for 30 L15 frames = 36
### Info: 23 pixels masked for MIR-S from neighbor dark
### Info: 257 pixels masked for MIR-L from neighbor dark
- 2015/03/05 13:15:31
 aspect_ratio(ircconst=constants.database,logfile=irclog,prefixs=mfCcDlnw,blankval=-9999.9,deltemp=YES,verbose=NO,double=YES)
- 2015/03/05 13:31:50
 coadd(ircconst=constants.database,det_sig=3.0,sig_rej=3.0,max_itr=10,com_mode=median,com_area=2,sky_area=2,logfile=irclog,prefixs=emfCcDlnw,rejection=sigclip,rej_sky=YES,coaddshort=NO,wcs=YES,skip_L=NO,submedsky=NO,deltemp=YES,verbose=NO,blankval=-9999.9,pllog=ircpipeline.log,double=YES,tolerance=1.5,wipestar=0.0)
### Warning: 29 frames failed in stacking
### Info: NFRALL,NCOMBINE,WCSROOT,WCSERROR of stacked images
stacked_IM/ura_N3_long.fits	5	5	2MASS	0.3684087
stacked_IM/ura_S7_long.fits	30	30	AOCS
- 2015/03/05 13:47:10
 calflux(ircconst=constants.database,logfile=irclog,blankval=-9999.9,overwrite=NO)
- 2015/03/05 13:47:11
  all pipeline processes successfully ended
