## ENVIRONMENTS ##
OS: CentOS Linux release 7.0.1406 (Core)
Perl:
This is perl 5, version 16, subversion 3 (v5.16.3) built for x86_64-linux-thread-multi

IRAF V2.16.1 Oct 2013
IRC toolkit: ver.150002 in /home/irc/src/iraf/v2.16.1/extern/irc/


## PROCESS LOGS ##

- 2015/03/08 20:42:12
prepipeline(ircconst=constants.database,verbose=no,pllog=ircpipeline.log)
- 2015/03/08 20:42:12
 ircslice(ircconst=constants.database,verbose=no)
- 2015/03/08 20:43:07
 mkirclog(ircconst=constants.database,verbose=no)
- 2015/03/08 20:43:14
 'irclog' and 'darklist.before' created

- 2015/03/08 20:43:14
pipeline1(ircconst=constants.database,obslog=irclog,cosmicray=yes,interactive=no,deltemp=yes,verbose=no,blankvalue=-9999.9,darktype=ne,darkfile=dark.list,smdark=yes,delsmd=yes,subsky=yes,subLscat=yes,pllog=ircpipeline.log)
- 2015/03/08 20:43:14
 makelist(logfile=irclog)
- 2015/03/08 20:43:15
 wraparound(ircconst=constants.database,logfile=irclog,prefixs=,deltemp=no,verbose=no)
- 2015/03/08 20:43:17
 ircnorm(ircconst=constants.database,logfile=irclog,prefixs=w,deltemp=yes,verbose=no)
- 2015/03/08 20:44:23
 linearity(ircconst=constants.database,logfile=irclog,prefixs=nw,deltemp=yes,verbose=no)
- 2015/03/08 20:46:48
 dark(ircconst=constants.database,darkfile=dark.list,logfile=irclog,prefixs=lnw,darktype=ne,deltemp=yes,verbose=no,smdark=yes,delsmd=yes)
- 2015/03/08 20:48:03
 scatt_light(ircconst=constants.database,logfile=irclog,prefixs=Dlnw,deltemp=yes,verbose=no)
- 2015/03/08 20:50:29
 cosmic_ray(ircconst=constants.database,logfile=irclog,prefixs=cDlnw,deltemp=yes,verbose=no)
- 2015/03/08 20:52:54
 flat(ircconst=constants.database,logfile=irclog,prefixs=CcDlnw,blank=-9999.9,deltemp=yes,verbose=no,subsky=yes,subLscat=yes,pllog=ircpipeline.log)
### Info: name, min & max of AVGSKY, max/min
L15l.vsky 4058.3 4252.3 1.0
L15s.vsky 144.8 148.1 1.0
L18l.vsky 6396.6 6803.8 1.1
L18s.vsky 230.8 250.0 1.1
L24l.vsky 2211.2 2221.3 1.0
L24s.vsky 82.4 82.4 1.0
N2l.vsky 179.3 181.4 1.0
N2s.vsky 19.1 19.3 1.0
N3l.vsky -3.7 0.2 -0.1
N3s.vsky 25.0 26.1 1.0
N4l.vsky 354.4 354.4 1.0
N4s.vsky 39.0 39.0 1.0
S11l.vsky 5159.9 5181.6 1.0
S11s.vsky 171.1 171.1 1.0
S7l.vsky 2634.6 2736.7 1.0
S7s.vsky 71.8 78.1 1.1
S9l.vsky 5822.2 5923.8 1.0
S9s.vsky 189.6 197.5 1.0

- 2015/03/08 20:54:12
pipeline2(ircconst=constants.database,com_mode=median,com_area=2,sky_area=2,det_sig=3,sig_rej=3,max_itr=10,obslog=irclog,wcs=YES,coaddshort=NO,interactive=NO,deltemp=YES,rejection=sigclip,rej_sky=YES,skip_L=NO,submedsky=NO,coadd=YES,verbose=NO,prefixs=fCcDlnw,blankvalue=-9999.9,double=YES,ndmask=YES,ndhot=500.0,pllog=ircpipeline.log,tolerance=1.5,wipestar=0.0,fluxcal=YES)
- 2015/03/08 20:54:12
 maskall(ircconst=constants.database,logfile=irclog,prefixs=fCcDlnw,blankval=-9999.9,deltemp=NO,verbose=NO,ndmask=YES,ndhot=500.0,pllog=ircpipeline.log)
### Warning: Bright (>10000) source(s) found in 15 MIR-S frames. Be aware of the ghost!
### Info: total number of saturated pixels for 2 N2 frames = 555
### Info: total number of saturated pixels for 2 N3 frames = 508
### Info: total number of saturated pixels for 1 N4 frames = 220
### Info: total number of saturated pixels for 6 S7 frames = 24
### Info: total number of saturated pixels for 6 S9W frames = 81
### Info: total number of saturated pixels for 3 S11 frames = 24
### Info: 22 pixels masked for MIR-S from neighbor dark
### Info: 301 pixels masked for MIR-L from neighbor dark
- 2015/03/08 20:57:22
 aspect_ratio(ircconst=constants.database,logfile=irclog,prefixs=mfCcDlnw,blankval=-9999.9,deltemp=YES,verbose=NO,double=YES)
- 2015/03/08 21:03:33
 coadd(ircconst=constants.database,det_sig=3.0,sig_rej=3.0,max_itr=10,com_mode=median,com_area=2,sky_area=2,logfile=irclog,prefixs=emfCcDlnw,rejection=sigclip,rej_sky=YES,coaddshort=NO,wcs=YES,skip_L=NO,submedsky=NO,deltemp=YES,verbose=NO,blankval=-9999.9,pllog=ircpipeline.log,double=YES,tolerance=1.5,wipestar=0.0)
### Warning: 7 frames failed in stacking
### Info: NFRALL,NCOMBINE,WCSROOT,WCSERROR of stacked images
stacked_IM/ura_L18W_long.fits	6	6	AOCS
stacked_IM/ura_N2_long.fits	2	2	2MASS	0.4652075
stacked_IM/ura_N3_long.fits	2	2	2MASS	0.1589025
stacked_IM/ura_S11_long.fits	3	3	AOCS
stacked_IM/ura_S7_long.fits	6	6	AOCS
stacked_IM/ura_S9W_long.fits	6	6	AOCS
- 2015/03/08 21:22:58
 calflux(ircconst=constants.database,logfile=irclog,blankval=-9999.9,overwrite=NO)
- 2015/03/08 21:23:01
  all pipeline processes successfully ended
