## ENVIRONMENTS ##
OS: CentOS Linux release 7.0.1406 (Core)
Perl:
This is perl 5, version 16, subversion 3 (v5.16.3) built for x86_64-linux-thread-multi

IRAF V2.16.1 Oct 2013
IRC toolkit: ver.150002 in /home/irc/src/iraf/v2.16.1/extern/irc/


## PROCESS LOGS ##

- 2015/02/12 01:33:23
prepipeline(ircconst=constants.database,verbose=no,pllog=ircpipeline.log)
- 2015/02/12 01:33:23
 ircslice(ircconst=constants.database,verbose=no)
- 2015/02/12 01:33:49
 mkirclog(ircconst=constants.database,verbose=no)
- 2015/02/12 01:33:55
 'irclog' and 'darklist.before' created

- 2015/02/12 01:33:55
pipeline1(ircconst=constants.database,obslog=irclog,cosmicray=yes,interactive=no,deltemp=yes,verbose=no,blankvalue=-9999.9,darktype=ne,darkfile=dark.list,smdark=yes,delsmd=yes,subsky=yes,subLscat=yes,pllog=ircpipeline.log)
- 2015/02/12 01:33:55
 makelist(logfile=irclog)
- 2015/02/12 01:33:56
 wraparound(ircconst=constants.database,logfile=irclog,prefixs=,deltemp=no,verbose=no)
- 2015/02/12 01:33:59
 ircnorm(ircconst=constants.database,logfile=irclog,prefixs=w,deltemp=yes,verbose=no)
- 2015/02/12 01:36:19
 linearity(ircconst=constants.database,logfile=irclog,prefixs=nw,deltemp=yes,verbose=no)
- 2015/02/12 01:39:51
 dark(ircconst=constants.database,darkfile=dark.list,logfile=irclog,prefixs=lnw,darktype=ne,deltemp=yes,verbose=no,smdark=yes,delsmd=yes)
- 2015/02/12 01:42:10
 scatt_light(ircconst=constants.database,logfile=irclog,prefixs=Dlnw,deltemp=yes,verbose=no)
- 2015/02/12 01:46:02
 cosmic_ray(ircconst=constants.database,logfile=irclog,prefixs=cDlnw,deltemp=yes,verbose=no)
- 2015/02/12 01:49:43
 flat(ircconst=constants.database,logfile=irclog,prefixs=CcDlnw,blank=-9999.9,deltemp=yes,verbose=no,subsky=yes,subLscat=yes,pllog=ircpipeline.log)
### Info: name, min & max of AVGSKY, max/min
L15l.vsky 3181.8 3219.8 1.0
L15s.vsky 113.2 115.3 1.0
L24l.vsky 1358.1 1374.6 1.0
L24s.vsky 47.0 51.3 1.1
N3l.vsky 38.6 39.3 1.0
N3s.vsky 3.5 5.5 1.6
N4l.vsky 98.2 98.9 1.0
N4s.vsky 9.7 13.8 1.4
S11l.vsky 3800.6 3904.9 1.0
S11s.vsky 116.9 120.0 1.0
S7l.vsky 837.9 903.9 1.1
S7s.vsky 9.7 12.3 1.3
### Message: Files before flat fielding are not to be deleted.


- 2015/02/12 01:50:39
pipeline2(ircconst=constants.database,com_mode=median,com_area=2,sky_area=2,det_sig=3,sig_rej=3,max_itr=10,obslog=irclog,wcs=YES,coaddshort=NO,interactive=NO,deltemp=YES,rejection=sigclip,rej_sky=YES,skip_L=NO,submedsky=NO,coadd=YES,verbose=NO,prefixs=fCcDlnw,blankvalue=-9999.9,double=YES,ndmask=YES,ndhot=500.0,pllog=ircpipeline.log,tolerance=1.5,wipestar=0.0,fluxcal=YES)
- 2015/02/12 01:50:40
 maskall(ircconst=constants.database,logfile=irclog,prefixs=fCcDlnw,blankval=-9999.9,deltemp=NO,verbose=NO,ndmask=YES,ndhot=500.0,pllog=ircpipeline.log)
### Warning: Bright (>10000) source(s) found in 24 MIR-S frames. Be aware of the ghost!
### Info: total number of saturated pixels for 4 N3 frames = 128
### Info: total number of saturated pixels for 4 N4 frames = 117
### Info: total number of saturated pixels for 12 S7 frames = 12
### Info: total number of saturated pixels for 12 S11 frames = 51
### Info: 20 pixels masked for MIR-S from neighbor dark
### Info: 237 pixels masked for MIR-L from neighbor dark
- 2015/02/12 01:55:31
 aspect_ratio(ircconst=constants.database,logfile=irclog,prefixs=mfCcDlnw,blankval=-9999.9,deltemp=YES,verbose=NO,double=YES)
- 2015/02/12 02:05:56
 coadd(ircconst=constants.database,det_sig=3.0,sig_rej=3.0,max_itr=10,com_mode=median,com_area=2,sky_area=2,logfile=irclog,prefixs=emfCcDlnw,rejection=sigclip,rej_sky=YES,coaddshort=NO,wcs=YES,skip_L=NO,submedsky=NO,deltemp=YES,verbose=NO,blankval=-9999.9,pllog=ircpipeline.log,double=YES,tolerance=1.5,wipestar=0.0)
### Warning: 23 frames failed in stacking
### Info: NFRALL,NCOMBINE,WCSROOT,WCSERROR of stacked images
stacked_IM/Horsehead_L15_long.fits	12	12	WISE	0.4608254
stacked_IM/Horsehead_L24_long.fits	12	11	WISE	0.9667869
stacked_IM/Horsehead_N3_long.fits	4	4	2MASS	0.3359315
stacked_IM/Horsehead_N4_long.fits	4	4	2MASS	0.4296161
- 2015/02/12 02:24:16
 calflux(ircconst=constants.database,logfile=irclog,blankval=-9999.9,overwrite=NO)
- 2015/02/12 02:24:19
  all pipeline processes successfully ended
